0 info it worked if it ends with ok
1 verbose cli [ '/Users/MaKondo/.nvm/v4.5.0/bin/node',
1 verbose cli   '/Users/MaKondo/.nvm/v4.5.0/bin/npm',
1 verbose cli   'install',
1 verbose cli   '--save-dev' ]
2 info using npm@2.15.9
3 info using node@v4.5.0
4 verbose readDependencies loading dependencies from /Volumes/cyberPolin/user/Projects/MaKondoSW/React-Boilerplate/package.json
5 error install Couldn't read dependencies
6 verbose stack Error: Invalid name: "MaKondoSW React Boilerplate"
6 verbose stack     at ensureValidName (/Users/MaKondo/.nvm/v4.5.0/lib/node_modules/npm/node_modules/normalize-package-data/lib/fixer.js:336:15)
6 verbose stack     at Object.module.exports.fixNameField (/Users/MaKondo/.nvm/v4.5.0/lib/node_modules/npm/node_modules/normalize-package-data/lib/fixer.js:215:5)
6 verbose stack     at /Users/MaKondo/.nvm/v4.5.0/lib/node_modules/npm/node_modules/normalize-package-data/lib/normalize.js:32:38
6 verbose stack     at Array.forEach (native)
6 verbose stack     at normalize (/Users/MaKondo/.nvm/v4.5.0/lib/node_modules/npm/node_modules/normalize-package-data/lib/normalize.js:31:15)
6 verbose stack     at final (/Users/MaKondo/.nvm/v4.5.0/lib/node_modules/npm/node_modules/read-package-json/read-json.js:349:5)
6 verbose stack     at then (/Users/MaKondo/.nvm/v4.5.0/lib/node_modules/npm/node_modules/read-package-json/read-json.js:124:5)
6 verbose stack     at /Users/MaKondo/.nvm/v4.5.0/lib/node_modules/npm/node_modules/read-package-json/read-json.js:311:12
6 verbose stack     at /Users/MaKondo/.nvm/v4.5.0/lib/node_modules/npm/node_modules/graceful-fs/graceful-fs.js:78:16
6 verbose stack     at FSReqWrap.readFileAfterClose [as oncomplete] (fs.js:380:3)
7 verbose cwd /Volumes/cyberPolin/user/Projects/MaKondoSW/React-Boilerplate
8 error Darwin 15.6.0
9 error argv "/Users/MaKondo/.nvm/v4.5.0/bin/node" "/Users/MaKondo/.nvm/v4.5.0/bin/npm" "install" "--save-dev"
10 error node v4.5.0
11 error npm  v2.15.9
12 error Invalid name: "MaKondoSW React Boilerplate"
13 error If you need help, you may report this error at:
13 error     <https://github.com/npm/npm/issues>
14 verbose exit [ 1, true ]
